[35m[Appium][39m Welcome to Appium v1.19.0
[35m[Appium][39m Non-default server args:
[35m[Appium][39m   port: 54679
[35m[Appium][39m   loglevel: info
[35m[Appium][39m   tmpDir: C:\Users\hp\AppData\Local\Temp\\Katalon\Appium\Temp1607921663686
[35m[Appium][39m   chromedriverPort: 54680
[35m[Appium][39m Deprecated server args:
[35m[Appium][39m   [31m--chromedriver-port[39m => --default-capabilities
[35m[Appium][39m Default capabilities, which will be added to each request unless overridden by desired capabilities:
[35m[Appium][39m   chromedriverPort: 54680
[35m[Appium][39m Appium REST http interface listener started on 0.0.0.0:54679
[35m[HTTP][39m [37m-->[39m [37mGET[39m [37m/wd/hub/status[39m
[35m[HTTP][39m [90m{}[39m
[35m[HTTP][39m [37m<-- GET /wd/hub/status [39m[32m200[39m [90m9 ms - 68[39m
[35m[HTTP][39m [90m[39m
[35m[HTTP][39m [37m-->[39m [37mGET[39m [37m/wd/hub/status[39m
[35m[HTTP][39m [90m{}[39m
[35m[HTTP][39m [37m<-- GET /wd/hub/status [39m[32m200[39m [90m2 ms - 68[39m
[35m[HTTP][39m [90m[39m
[35m[HTTP][39m [37m-->[39m [37mPOST[39m [37m/wd/hub/session[39m
[35m[HTTP][39m [90m{"desiredCapabilities":{"app":"C:\\Users\\hp\\Downloads\\training katalon\\FINAL PROJECTS\\MOBILE\\app-debug.apk","noReset":true,"deviceName":"emulator-5554 (sdk_gphone_x86_arm - Android 11)","fullReset":false,"platform":"ANDROID","newCommandTimeout":1800,"platformVersion":"11","automationName":"uiautomator2","autoGrantPermissions":true,"platformName":"Android","udid":"emulator-5554","systemPort":54686},"capabilities":{"firstMatch":[{"appium:app":"C:\\Users\\hp\\Downloads\\training katalon\\FINAL PROJECTS\\MOBILE\\app-debug.apk","appium:autoGrantPermissions":true,"appium:automationName":"uiautomator2","appium:deviceName":"emulator-5554 (sdk_gphone_x86_arm - Android 11)","appium:fullReset":false,"appium:newCommandTimeout":1800,"appium:noReset":true,"platform":"ANDROID","platformName":"android","appium:platformVersion":"11","appium:systemPort":54686,"appium:udid":"emulator-5554"}]}}[39m
[35m[BaseDriver][39m The following capabilities are not standard capabilities and should have an extension prefix:
[35m[BaseDriver][39m   platform
[35m[BaseDriver][39m   chromedriverPort
[35m[Appium][39m Appium v1.19.0 creating new AndroidUiautomator2Driver (v1.59.0) session
[35m[BaseDriver][39m The following capabilities were provided, but are not recognized by Appium:
[35m[BaseDriver][39m   platform
[35m[BaseDriver][39m Session created with session id: f92f1d96-5cf2-46f2-8bc8-1477704f7bd6
[35m[BaseDriver][39m Using local app 'C:\Users\hp\Downloads\training katalon\FINAL PROJECTS\MOBILE\app-debug.apk'
[35m[ADB][39m Found 1 'build-tools' folders under 'C:\Users\hp\.katalon\tools\android_sdk' (newest first):
[35m[ADB][39m     C:/Users/hp/.katalon/tools/android_sdk/build-tools/29.0.0
[35m[ADB][39m Using 'adb.exe' from 'C:\Users\hp\.katalon\tools\android_sdk\platform-tools\adb.exe'
[35m[AndroidDriver][39m Retrieving device list
[35m[AndroidDriver][39m Using device: emulator-5554
[35m[ADB][39m Using 'adb.exe' from 'C:\Users\hp\.katalon\tools\android_sdk\platform-tools\adb.exe'
[35m[ADB][39m Getting device platform version
[35m[UiAutomator2][39m Relaxing hidden api policy
[35m[ADB][39m Package name: 'com.example.mikebanks.bankscorpfinancial'
[35m[ADB][39m Main activity name: 'com.example.mikebanks.bankscorpfinancial.LaunchActivity'
[35m[ADB][39m Using 'apksigner.jar' from 'C:\Users\hp\.katalon\tools\android_sdk\build-tools\29.0.0\lib\apksigner.jar'
[35m[ADB][39m 'C:\Users\hp\AppData\Roaming\npm\node_modules\appium\node_modules\appium-uiautomator2-server\apks\appium-uiautomator2-server-v4.15.0.apk' is signed with the default certificate
[35m[ADB][39m 'C:\Users\hp\AppData\Roaming\npm\node_modules\appium\node_modules\appium-uiautomator2-server\apks\appium-uiautomator2-server-debug-androidTest.apk' is signed with the default certificate
[35m[UiAutomator2][39m Server packages are not going to be (re)installed
[35m[ADB][39m 'C:\Users\hp\Downloads\training katalon\FINAL PROJECTS\MOBILE\app-debug.apk' is signed with a non-default certificate
[35m[ADB][39m The application at 'C:\Users\hp\Downloads\training katalon\FINAL PROJECTS\MOBILE\app-debug.apk' will not be cached, because the device under test has confirmed the support of streamed installs
[35m[ADB][39m The installation of 'app-debug.apk' took 1684ms
[35m[UiAutomator2][39m Starting UIAutomator2 server 4.15.0
[35m[UiAutomator2][39m Using UIAutomator2 server from 'C:\Users\hp\AppData\Roaming\npm\node_modules\appium\node_modules\appium-uiautomator2-server\apks\appium-uiautomator2-server-v4.15.0.apk' and test from 'C:\Users\hp\AppData\Roaming\npm\node_modules\appium\node_modules\appium-uiautomator2-server\apks\appium-uiautomator2-server-debug-androidTest.apk'
[35m[UiAutomator2][39m Waiting up to 30000ms for UiAutomator2 to be online...
[35m[WD Proxy][39m socket hang up
[35m[WD Proxy][39m socket hang up
[35m[WD Proxy][39m socket hang up
[35m[WD Proxy][39m Determined the downstream protocol as 'W3C'
[35m[AndroidDriver][39m Screen already unlocked, doing nothing
[35m[UiAutomator2][39m Starting 'com.example.mikebanks.bankscorpfinancial/com.example.mikebanks.bankscorpfinancial.LaunchActivity and waiting for 'com.example.mikebanks.bankscorpfinancial/com.example.mikebanks.bankscorpfinancial.LaunchActivity'
[35m[Appium][39m New AndroidUiautomator2Driver session created successfully, session f92f1d96-5cf2-46f2-8bc8-1477704f7bd6 added to master session list
[35m[HTTP][39m [37m<-- POST /wd/hub/session [39m[32m200[39m [90m13009 ms - 1372[39m
[35m[HTTP][39m [90m[39m
[35m[HTTP][39m [37m-->[39m [37mGET[39m [37m/wd/hub/session/f92f1d96-5cf2-46f2-8bc8-1477704f7bd6[39m
[35m[HTTP][39m [90m{}[39m
[35m[HTTP][39m [37m<-- GET /wd/hub/session/f92f1d96-5cf2-46f2-8bc8-1477704f7bd6 [39m[32m200[39m [90m14 ms - 1326[39m
[35m[HTTP][39m [90m[39m
[35m[HTTP][39m [37m-->[39m [37mGET[39m [37m/wd/hub/session/f92f1d96-5cf2-46f2-8bc8-1477704f7bd6[39m
[35m[HTTP][39m [90m{}[39m
[35m[HTTP][39m [37m<-- GET /wd/hub/session/f92f1d96-5cf2-46f2-8bc8-1477704f7bd6 [39m[32m200[39m [90m17 ms - 1326[39m
[35m[HTTP][39m [90m[39m
[35m[HTTP][39m [37m-->[39m [37mGET[39m [37m/wd/hub/status[39m
[35m[HTTP][39m [90m{}[39m
[35m[HTTP][39m [37m<-- GET /wd/hub/status [39m[32m200[39m [90m1 ms - 68[39m
[35m[HTTP][39m [90m[39m
[35m[HTTP][39m [37m-->[39m [37mPOST[39m [37m/wd/hub/session/f92f1d96-5cf2-46f2-8bc8-1477704f7bd6/timeouts[39m
[35m[HTTP][39m [90m{"implicit":60000}[39m
[35m[HTTP][39m [37m<-- POST /wd/hub/session/f92f1d96-5cf2-46f2-8bc8-1477704f7bd6/timeouts [39m[32m200[39m [90m6 ms - 14[39m
[35m[HTTP][39m [90m[39m
[35m[HTTP][39m [37m-->[39m [37mGET[39m [37m/wd/hub/session/f92f1d96-5cf2-46f2-8bc8-1477704f7bd6/source[39m
[35m[HTTP][39m [90m{}[39m
[35m[W3C (f92f1d96)][39m Driver proxy active, passing request on via HTTP proxy
[35m[WD Proxy][39m Replacing sessionId 2da01fc2-1104-492e-8436-972aee9c72b6 with f92f1d96-5cf2-46f2-8bc8-1477704f7bd6
[35m[HTTP][39m [37m<-- GET /wd/hub/session/f92f1d96-5cf2-46f2-8bc8-1477704f7bd6/source [39m[32m200[39m [90m224 ms - 10623[39m
[35m[HTTP][39m [90m[39m
[35m[HTTP][39m [37m-->[39m [37mGET[39m [37m/wd/hub/session/f92f1d96-5cf2-46f2-8bc8-1477704f7bd6/screenshot[39m
[35m[HTTP][39m [90m{}[39m
[35m[HTTP][39m [37m<-- GET /wd/hub/session/f92f1d96-5cf2-46f2-8bc8-1477704f7bd6/screenshot [39m[32m200[39m [90m380 ms - 96416[39m
[35m[HTTP][39m [90m[39m
[35m[HTTP][39m [37m-->[39m [37mGET[39m [37m/wd/hub/session/f92f1d96-5cf2-46f2-8bc8-1477704f7bd6/source[39m
[35m[HTTP][39m [90m{}[39m
[35m[W3C (f92f1d96)][39m Driver proxy active, passing request on via HTTP proxy
[35m[WD Proxy][39m Replacing sessionId 2da01fc2-1104-492e-8436-972aee9c72b6 with f92f1d96-5cf2-46f2-8bc8-1477704f7bd6
[35m[HTTP][39m [37m<-- GET /wd/hub/session/f92f1d96-5cf2-46f2-8bc8-1477704f7bd6/source [39m[32m200[39m [90m102 ms - 10774[39m
[35m[HTTP][39m [90m[39m
[35m[HTTP][39m [37m-->[39m [37mGET[39m [37m/wd/hub/session/f92f1d96-5cf2-46f2-8bc8-1477704f7bd6/screenshot[39m
[35m[HTTP][39m [90m{}[39m
[35m[HTTP][39m [37m<-- GET /wd/hub/session/f92f1d96-5cf2-46f2-8bc8-1477704f7bd6/screenshot [39m[32m200[39m [90m601 ms - 119262[39m
[35m[HTTP][39m [90m[39m
[35m[HTTP][39m [37m-->[39m [37mGET[39m [37m/wd/hub/session/f92f1d96-5cf2-46f2-8bc8-1477704f7bd6/source[39m
[35m[HTTP][39m [90m{}[39m
[35m[W3C (f92f1d96)][39m Driver proxy active, passing request on via HTTP proxy
[35m[WD Proxy][39m Replacing sessionId 2da01fc2-1104-492e-8436-972aee9c72b6 with f92f1d96-5cf2-46f2-8bc8-1477704f7bd6
[35m[HTTP][39m [37m<-- GET /wd/hub/session/f92f1d96-5cf2-46f2-8bc8-1477704f7bd6/source [39m[32m200[39m [90m68 ms - 4380[39m
[35m[HTTP][39m [90m[39m
[35m[HTTP][39m [37m-->[39m [37mGET[39m [37m/wd/hub/session/f92f1d96-5cf2-46f2-8bc8-1477704f7bd6/screenshot[39m
[35m[HTTP][39m [90m{}[39m
[35m[HTTP][39m [37m<-- GET /wd/hub/session/f92f1d96-5cf2-46f2-8bc8-1477704f7bd6/screenshot [39m[32m200[39m [90m686 ms - 183112[39m
[35m[HTTP][39m [90m[39m
[35m[HTTP][39m [37m-->[39m [37mDELETE[39m [37m/wd/hub/session/f92f1d96-5cf2-46f2-8bc8-1477704f7bd6[39m
[35m[HTTP][39m [90m{}[39m
[35m[Appium][39m Removing session f92f1d96-5cf2-46f2-8bc8-1477704f7bd6 from our master session list
[35m[UiAutomator2][39m Restoring hidden api policy to the device default configuration
[35m[HTTP][39m [37m<-- DELETE /wd/hub/session/f92f1d96-5cf2-46f2-8bc8-1477704f7bd6 [39m[32m200[39m [90m1189 ms - 14[39m
